{"exec": {"/Users/bankde/Desktop/project/final_project/Volpy_main/code_serialization/benchmark/exec/functions/test_func_simple.py": {"test_func_chain": {"result": "P", "msg": ""}, "test_func_simple": {"result": "P", "msg": ""}, "test_func_simple_with_default_arg": {"result": "P", "msg": ""}}, "/Users/bankde/Desktop/project/final_project/Volpy_main/code_serialization/benchmark/exec/functions/test_func_recursive.py": {"test_func_recursive": {"result": "P", "msg": ""}, "test_func_recursive_double": {"result": "P", "msg": ""}}, "/Users/bankde/Desktop/project/final_project/Volpy_main/code_serialization/benchmark/exec/functions/test_func_scope.py": {"test_func_shared_scope": {"result": "P", "msg": ""}}, "/Users/bankde/Desktop/project/final_project/Volpy_main/code_serialization/benchmark/exec/functions/test_func_closure.py": {"test_func_closure": {"result": "P", "msg": ""}}, "/Users/bankde/Desktop/project/final_project/Volpy_main/code_serialization/benchmark/exec/modules/test_module.py": {"test_module_alias": {"result": "P", "msg": ""}, "test_module_closure": {"result": "P", "msg": ""}, "test_module_simple": {"result": "P", "msg": ""}}, "/Users/bankde/Desktop/project/final_project/Volpy_main/code_serialization/benchmark/exec/classes/test_class.py": {"test_class_nested": {"result": "P", "msg": ""}, "test_class_object": {"result": "F", "msg": "Traceback (most recent call last):\n  File \"/Users/bankde/Desktop/project/final_project/Volpy_main/code_serialization/benchmark/exec/classes/test_class.py\", line 43, in test_class_object\n    self.fail(\"Not support\")\nAssertionError: Not support\n"}, "test_class_simple": {"result": "P", "msg": ""}}, "/Users/bankde/Desktop/project/final_project/Volpy_main/code_serialization/benchmark/exec/classes/test_class_inherit.py": {"test_class_inherit": {"result": "P", "msg": ""}, "test_class_inherit_instance": {"result": "F", "msg": "Traceback (most recent call last):\n  File \"/Users/bankde/Desktop/project/final_project/Volpy_main/code_serialization/benchmark/exec/classes/test_class_inherit.py\", line 39, in test_class_inherit_instance\n    self.fail(\"Not support\")\nAssertionError: Not support\n"}}, "/Users/bankde/Desktop/project/final_project/Volpy_main/code_serialization/benchmark/exec/others/test_distributed_sort.py": {"test_distributed_sort": {"result": "P", "msg": ""}}}, "timestamp": "2022-10-05 13:50:46.222150", "commit": "6f7cdb44fc8652adbf7b73a05d4980d2d1bba58a", "pickleSuites": ["exec"]}